<?xml version="1.0" encoding="UTF-8"?><testsuite errors="1" failures="0" name="Crear Cuenta" skipped="0" tests="1" time="14.41" timestamp="2020-04-08 03:45:18"><testcase name="Creacion cuenta exitosa"><error message="element click intercepted: Element &lt;a href=&quot;/login&quot;&gt;...&lt;/a&gt; is not clickable at point (1685, 35). Other element would receive the click: &lt;div id=&quot;onesignal-popover-container&quot; class=&quot;onesignal-popover-container onesignal-reset slide-down&quot;&gt;...&lt;/div&gt;&#10;  (Session info: chrome=80.0.3987.163)&#10;Build info: version: '3.14.0', revision: 'aacccce0', time: '2018-08-02T20:19:58.91Z'&#10;System info: host: 'DESKTOP-QISQ19S', ip: '192.168.1.66', os.name: 'Windows 10', os.arch: 'amd64', os.version: '10.0', java.version: '1.8.0_211'&#10;Driver info: org.openqa.selenium.remote.RemoteWebDriver&#10;Capabilities {acceptInsecureCerts: false, browserName: chrome, browserVersion: 80.0.3987.163, chrome: {chromedriverVersion: 79.0.3945.36 (3582db32b3389..., userDataDir: C:\Users\User\AppData\Local...}, goog:chromeOptions: {debuggerAddress: localhost:57419}, javascriptEnabled: true, networkConnectionEnabled: false, pageLoadStrategy: normal, platform: WINDOWS, platformName: WINDOWS, proxy: Proxy(), setWindowRect: true, strictFileInteractability: false, timeouts: {implicit: 0, pageLoad: 300000, script: 30000}, unhandledPromptBehavior: dismiss and notify}&#10;Session ID: 2eee932c6289f06c830ec7c7c077aade" type="org.openqa.selenium.ElementClickInterceptedException">element click intercepted: Element &lt;a href="/login"&gt;...&lt;/a&gt; is not clickable at point (1685, 35). Other element would receive the click: &lt;div id="onesignal-popover-container" class="onesignal-popover-container onesignal-reset slide-down"&gt;...&lt;/div&gt;
  (Session info: chrome=80.0.3987.163)
Build info: version: '3.14.0', revision: 'aacccce0', time: '2018-08-02T20:19:58.91Z'
System info: host: 'DESKTOP-QISQ19S', ip: '192.168.1.66', os.name: 'Windows 10', os.arch: 'amd64', os.version: '10.0', java.version: '1.8.0_211'
Driver info: org.openqa.selenium.remote.RemoteWebDriver
Capabilities {acceptInsecureCerts: false, browserName: chrome, browserVersion: 80.0.3987.163, chrome: {chromedriverVersion: 79.0.3945.36 (3582db32b3389..., userDataDir: C:\Users\User\AppData\Local...}, goog:chromeOptions: {debuggerAddress: localhost:57419}, javascriptEnabled: true, networkConnectionEnabled: false, pageLoadStrategy: normal, platform: WINDOWS, platformName: WINDOWS, proxy: Proxy(), setWindowRect: true, strictFileInteractability: false, timeouts: {implicit: 0, pageLoad: 300000, script: 30000}, unhandledPromptBehavior: dismiss and notify}
Session ID: 2eee932c6289f06c830ec7c7c077aade</error><system-err>element click intercepted: Element &lt;a href="/login"&gt;...&lt;/a&gt; is not clickable at point (1685, 35). Other element would receive the click: &lt;div id="onesignal-popover-container" class="onesignal-popover-container onesignal-reset slide-down"&gt;...&lt;/div&gt;
  (Session info: chrome=80.0.3987.163)
Build info: version: '3.14.0', revision: 'aacccce0', time: '2018-08-02T20:19:58.91Z'
System info: host: 'DESKTOP-QISQ19S', ip: '192.168.1.66', os.name: 'Windows 10', os.arch: 'amd64', os.version: '10.0', java.version: '1.8.0_211'
Driver info: org.openqa.selenium.remote.RemoteWebDriver
Capabilities {acceptInsecureCerts: false, browserName: chrome, browserVersion: 80.0.3987.163, chrome: {chromedriverVersion: 79.0.3945.36 (3582db32b3389..., userDataDir: C:\Users\User\AppData\Local...}, goog:chromeOptions: {debuggerAddress: localhost:57419}, javascriptEnabled: true, networkConnectionEnabled: false, pageLoadStrategy: normal, platform: WINDOWS, platformName: WINDOWS, proxy: Proxy(), setWindowRect: true, strictFileInteractability: false, timeouts: {implicit: 0, pageLoad: 300000, script: 30000}, unhandledPromptBehavior: dismiss and notify}
Session ID: 2eee932c6289f06c830ec7c7c077aade&#13;
com.eltiempo.tasks.IngresarEnIniciarSesion.performAs(IngresarEnIniciarSesion.java:16)&#13;
com.eltiempo.stepsDefinition.CrearCuentaStepsDefinition.queReneRequiereCrearUnaCuentaEnELTIEMPO(CrearCuentaStepsDefinition.java:35)&#13;
cucumber.runner.Runner.runPickle(Runner.java:80)&#13;
org.eclipse.jdt.internal.junit4.runner.JUnit4TestReference.run(JUnit4TestReference.java:89)&#13;
org.eclipse.jdt.internal.junit.runner.TestExecution.run(TestExecution.java:41)&#13;
org.eclipse.jdt.internal.junit.runner.RemoteTestRunner.runTests(RemoteTestRunner.java:541)&#13;
org.eclipse.jdt.internal.junit.runner.RemoteTestRunner.runTests(RemoteTestRunner.java:763)&#13;
org.eclipse.jdt.internal.junit.runner.RemoteTestRunner.run(RemoteTestRunner.java:463)&#13;
org.eclipse.jdt.internal.junit.runner.RemoteTestRunner.main(RemoteTestRunner.java:209)&#13;
</system-err></testcase></testsuite>